[01:02:16] [main/INFO]: Loading Minecraft 1.21.1 with Fabric Loader 0.16.3
[01:02:16] [main/INFO]: Loading 4 mods:
	- fabricloader 0.16.3
	   \-- mixinextras 0.4.1
	- java 21
	- minecraft 1.21.1
[01:02:16] [main/INFO]: SpongePowered MIXIN Subsystem Version=0.8.7 Source=file:/workspaces/hrdhdfghb/servidor_minecraft/libraries/net/fabricmc/sponge-mixin/0.15.2+mixin.0.8.7/sponge-mixin-0.15.2+mixin.0.8.7.jar Service=Knot/Fabric Env=SERVER
[01:02:26] [main/INFO]: Environment: Environment[sessionHost=https://sessionserver.mojang.com, servicesHost=https://api.minecraftservices.com, name=PROD]
[01:02:27] [main/INFO]: Found new data pack file/OneBlock_Reborn.zip, loading it automatically
[01:02:30] [main/INFO]: Loaded 1292 recipes
[01:02:30] [main/INFO]: Loaded 1403 advancements
[01:02:31] [Server thread/INFO]: Starting minecraft server version 1.21.1
[01:02:31] [Server thread/INFO]: Loading properties
[01:02:31] [Server thread/INFO]: Default game type: SURVIVAL
[01:02:31] [Server thread/INFO]: Generating keypair
[01:02:31] [Server thread/INFO]: Starting Minecraft server on *:25565
[01:02:32] [Server thread/INFO]: Using epoll channel type
[01:02:32] [Server thread/WARN]: **** SERVER IS RUNNING IN OFFLINE/INSECURE MODE!
[01:02:32] [Server thread/WARN]: The server will make no attempt to authenticate usernames. Beware.
[01:02:32] [Server thread/WARN]: While this makes the game possible to play without internet access, it also opens up the ability for hackers to connect with any username they choose.
[01:02:32] [Server thread/WARN]: To change this, set "online-mode" to "true" in the server.properties file.
[01:02:32] [Server thread/INFO]: Preparing level "world"
[01:02:40] [Server thread/INFO]: Preparing start region for dimension minecraft:overworld
[01:02:40] [Worker-Main-1/INFO]: Preparing spawn area: 0%
[01:02:40] [Server thread/INFO]: Time elapsed: 508 ms
[01:02:40] [Server thread/INFO]: Done (8.857s)! For help, type "help"
[01:02:49] [Server thread/INFO]: matiasauto123[/192.168.192.165:58508] logged in with entity id 1 at (-47.5, -63.0, -143.5)
[01:02:49] [Server thread/INFO]: matiasauto123 joined the game
[01:03:09] [Server thread/INFO]: matiasauto123 has made the advancement [Acquire Hardware]
[01:04:48] [Server thread/INFO]: Thexperson2[/192.168.192.124:65377] logged in with entity id 130 at (0.5, 61.0, 3.5)
[01:04:48] [Server thread/INFO]: Thexperson2 joined the game
[01:22:21] [Server thread/INFO]: matiasauto123 has made the advancement [Stone Age]
[01:22:28] [Server thread/INFO]: matiasauto123 has made the advancement [Getting an Upgrade]
[01:23:40] [Server thread/INFO]: Thexperson2 has made the advancement [Stone Age]
[01:23:44] [Server thread/INFO]: Thexperson2 has made the advancement [Getting an Upgrade]
[01:29:53] [Server thread/INFO]: matiasauto123 has made the advancement [Monster Hunter]
[01:30:28] [Server thread/INFO]: matiasauto123 has made the advancement [A Seedy Place]
[01:30:59] [Server thread/WARN]: Thexperson2 moved too quickly! 0.06129609491317112,-10.188594643186825,-1.1095319001886483
[01:31:05] [Server thread/WARN]: Thexperson2 moved too quickly! 0.0,-22.026676688074616,0.0
[01:31:06] [Server thread/INFO]: Thexperson2 fell out of the world
[01:33:40] [Server thread/INFO]: Thexperson2 has made the advancement [A Seedy Place]
[01:35:49] [Server thread/INFO]: matiasauto123 was slain by Spider
[01:35:55] [Server thread/INFO]: Thexperson2 has made the advancement [Monster Hunter]
[01:39:46] [Server thread/INFO]: matiasauto123 lost connection: Disconnected
[01:39:46] [Server thread/INFO]: matiasauto123 left the game
[01:40:31] [Server thread/INFO]: matiasauto123[/192.168.192.165:50194] logged in with entity id 1166 at (0.4879294385723134, 61.0, 1.7505007623595288)
[01:40:31] [Server thread/INFO]: matiasauto123 joined the game
[01:53:45] [Server thread/INFO]: Thexperson2 fell out of the world
[01:54:01] [Server thread/INFO]: Thexperson2 has made the advancement [Acquire Hardware]
[02:03:01] [Server thread/INFO]: [Not Secure] <Thexperson2> voy a estar asi un rato
[02:03:04] [Server thread/INFO]: [Not Secure] <Thexperson2> pero voy a jugar
[02:03:06] [Server thread/INFO]: [Not Secure] <matiasauto123> ok
[02:05:13] [Server thread/INFO]: matiasauto123 has made the advancement [Isn't It Iron Pick]
[02:09:03] [Server thread/INFO]: [Not Secure] <Thexperson2> voy a sacar hierro
[02:09:31] [Server thread/INFO]: Thexperson2 has made the advancement [Isn't It Iron Pick]
[02:11:19] [Server thread/INFO]: [Not Secure] <Thexperson2> que
[02:12:31] [Server thread/INFO]: matiasauto123 was shot by Stray
[02:12:41] [Server thread/INFO]: Thexperson2 was slain by matiasauto123
[02:23:33] [Server thread/INFO]: Thexperson2 was shot by Stray
[02:23:40] [Server thread/INFO]: Thexperson2 has made the advancement [Suit Up]
[02:23:44] [Server thread/INFO]: matiasauto123 fell from a high place
[02:26:49] [Server thread/INFO]: matiasauto123 has made the advancement [Best Friends Forever]
[02:27:05] [Server thread/INFO]: Thexperson2 has made the advancement [Best Friends Forever]
[02:35:25] [Server thread/INFO]: Thexperson2 fell from a high place
[02:35:55] [Server thread/INFO]: matiasauto123 fell from a high place
[02:37:19] [Server thread/INFO]: matiasauto123 has made the advancement [The Parrots and the Bats]
[02:37:28] [Server thread/INFO]: Thexperson2 was poked to death by a sweet berry bush
[02:44:23] [Server thread/INFO]: Thexperson2 fell from a high place
[02:45:48] [Server thread/INFO]: matiasauto123 has made the advancement [Careful Restoration]
[02:47:56] [Server thread/INFO]: Thexperson2 was slain by matiasauto123
[02:48:02] [Server thread/INFO]: matiasauto123 was slain by Thexperson2
[02:48:53] [Server thread/WARN]: Thexperson2 moved too quickly! 0.0,-19.075264596296876,0.0
[02:48:57] [Server thread/WARN]: Thexperson2 moved too quickly! 0.0,-22.14259895993564,0.0
[02:48:57] [Server thread/INFO]: Thexperson2 fell out of the world
[02:51:47] [Server thread/INFO]: matiasauto123 was doomed to fall by Thexperson2
[02:52:52] [Server thread/INFO]: matiasauto123 was slain by Wolf
[02:53:49] [Server thread/INFO]: matiasauto123 was slain by Monster Guard
[02:56:18] [Server thread/INFO]: Thexperson2 was blown up by Creeper
[02:57:01] [Server thread/INFO]: matiasauto123 was slain by Zombie
[02:57:09] [Server thread/INFO]: Thexperson2 was blown up by Creeper
[03:00:12] [Server thread/INFO]: matiasauto123 was slain by Wolf
[03:04:55] [Server thread/WARN]: Mismatch in destroy block pos: class_2338{x=0, y=60, z=0} class_2338{x=0, y=60, z=-1}
[03:10:21] [Server thread/INFO]: Thexperson2 was slain by matiasauto123
[03:10:30] [Server thread/INFO]: matiasauto123 was slain by Thexperson2
[03:18:28] [Server thread/INFO]: Snoopi[/192.168.192.39:60740] logged in with entity id 5315 at (-0.5, 61.0, 4.5)
[03:18:28] [Server thread/INFO]: Snoopi joined the game
[03:20:01] [Server thread/INFO]: Snoopi has made the advancement [Getting an Upgrade]
[03:20:44] [Server thread/INFO]: Snoopi has made the advancement [Monster Hunter]
[03:21:19] [Server thread/INFO]: Snoopi has made the advancement [Stone Age]
[03:27:09] [Server thread/INFO]: Thexperson2 fell from a high place
[03:27:13] [Server thread/INFO]: matiasauto123 was slain by Wolf
[03:28:18] [Server thread/INFO]: Snoopi has made the advancement [Acquire Hardware]
[03:28:36] [Server thread/INFO]: Snoopi has made the advancement [Isn't It Iron Pick]
[03:32:09] [Server thread/INFO]: matiasauto123 was shot by Skeleton
[03:33:14] [Server thread/INFO]: Thexperson2 has made the advancement [Diamonds!]
[03:34:10] [Server thread/INFO]: Snoopi was shot by Skeleton
[03:37:13] [Server thread/INFO]: matiasauto123 has made the advancement [Take Aim]
[03:43:35] [Server thread/INFO]: matiasauto123 has made the advancement [Isn't It Scute?]
[03:44:41] [Server thread/INFO]: matiasauto123 has made the advancement [Shear Brilliance]
[03:44:52] [Server thread/INFO]: Snoopi was shot by Skeleton
[03:46:38] [Server thread/INFO]: Thexperson2 has made the advancement [Shear Brilliance]
[03:47:11] [Server thread/INFO]: Snoopi has made the advancement [Diamonds!]
[03:47:17] [Server thread/INFO]: Snoopi has made the advancement [Best Friends Forever]
[03:48:32] [Server thread/WARN]: Mismatch in destroy block pos: class_2338{x=-15, y=61, z=0} class_2338{x=-13, y=60, z=0}
[03:49:59] [Server thread/INFO]: matiasauto123 has made the advancement [Suit Up]
[03:51:24] [Server thread/INFO]: Thexperson2 was shot by Monster Guard
[03:51:57] [Server thread/INFO]: Named entity class_1642['Monster Guard'/7566, l='ServerLevel[world]', x=3.54, y=61.50, z=-3.64] died: Monster Guard was slain by matiasauto123
[03:55:38] [Server thread/INFO]: Snoopi was blown up by Creeper
[04:04:46] [Server thread/INFO]: matiasauto123 has made the advancement [Tactical Fishing]
[04:06:58] [Server thread/INFO]: Thexperson2 has made the advancement [The Cutest Predator]
[04:07:11] [Server thread/INFO]: matiasauto123 has made the advancement [The Cutest Predator]
[04:07:26] [Server thread/INFO]: Snoopi was slain by Zombie
[04:08:08] [Server thread/INFO]: Thexperson2 was slain by Zombie
[04:14:10] [Server thread/INFO]: Snoopi has made the advancement [Take Aim]
[04:15:35] [Server thread/INFO]: Snoopi has made the advancement [Not Today, Thank You]
[04:17:12] [Server thread/INFO]: Thexperson2 lost connection: Disconnected
[04:17:12] [Server thread/INFO]: Thexperson2 left the game
[04:17:24] [Server thread/INFO]: Thexperson2[/192.168.192.124:60483] logged in with entity id 10755 at (7.2717879003972605, 65.16649117765083, 3.131618139022797)
[04:17:24] [Server thread/INFO]: Thexperson2 joined the game
[04:17:25] [Server thread/INFO]: Thexperson2 fell from a high place
[04:19:22] [Server thread/INFO]: Thexperson2 has made the advancement [Not Today, Thank You]
[04:21:43] [Server thread/INFO]: matiasauto123 has made the advancement [Diamonds!]
[04:31:55] [Server thread/INFO]: matiasauto123 has made the advancement [Who Needs Rockets?]
[04:32:12] [Server thread/INFO]: Thexperson2 has made the advancement [Who Needs Rockets?]
[04:33:16] [Server thread/INFO]: matiasauto123 was slain by Monster Guard
[04:33:17] [Server thread/INFO]: Named entity class_1628['Monster Guard'/12181, l='ServerLevel[world]', x=13.70, y=61.88, z=-11.37] died: Monster Guard was slain by Thexperson2
[04:33:17] [Server thread/INFO]: Named entity class_1628['Monster Guard'/12182, l='ServerLevel[world]', x=7.38, y=61.00, z=-13.92] died: Monster Guard was slain by Snoopi
[04:33:21] [Server thread/INFO]: Named entity class_1628['Monster Guard'/12194, l='ServerLevel[world]', x=1.38, y=61.63, z=-0.73] died: Monster Guard was slain by matiasauto123
[04:33:24] [Server thread/INFO]: Thexperson2 fell out of the world
[04:33:36] [Server thread/INFO]: Named entity class_1628['Monster Guard'/12195, l='ServerLevel[world]', x=-14.70, y=63.10, z=3.30] died: Monster Guard was slain by matiasauto123
[04:35:47] [Server thread/INFO]: Snoopi lost connection: Disconnected
[04:35:47] [Server thread/INFO]: Snoopi left the game
[04:36:57] [Server thread/INFO]: Thexperson2 lost connection: Disconnected
[04:36:57] [Server thread/INFO]: Thexperson2 left the game
[04:46:41] [Server thread/INFO]: matiasauto123 was killed by Witch using magic
[04:54:50] [Server thread/INFO]: matiasauto123 was killed by Witch using magic
[05:02:25] [Server thread/INFO]: matiasauto123 was killed by Witch using magic
